<?xml version="1.0" encoding="UTF-8"?>
<!-- Generated by org.testng.reporters.JUnitReportReporter -->
<testsuite skipped="0" hostname="LAPTOP-7NBG868B" name="TestNg.Groupings" tests="2" failures="0" timestamp="19 Aug 2022 11:12:46 GMT" time="0.010" errors="0">
  <testcase name="tco6" time="0.002" classname="TestNg.Groupings"/>
  <testcase name="tco2" time="0.008" classname="TestNg.Groupings"/>
</testsuite> <!-- TestNg.Groupings -->
