<?xml version="1.0" encoding="UTF-8"?>
<!-- Generated by org.testng.reporters.JUnitReportReporter -->
<testsuite skipped="1" hostname="LAPTOP-7NBG868B" name="TestNg.CountAndPriorty" tests="14" failures="0" timestamp="08 Aug 2022 14:00:18 GMT" time="0.095" errors="0">
  <testcase name="tco1" time="0.024" classname="TestNg.CountAndPriorty"/>
  <testcase name="tco2" time="0.001" classname="TestNg.CountAndPriorty"/>
  <testcase name="tco2" time="0.003" classname="TestNg.CountAndPriorty"/>
  <testcase name="tco2" time="0.003" classname="TestNg.CountAndPriorty"/>
  <testcase name="tco2" time="0.004" classname="TestNg.CountAndPriorty"/>
  <testcase name="tco2" time="0.006" classname="TestNg.CountAndPriorty"/>
  <testcase name="tco2" time="0.009" classname="TestNg.CountAndPriorty"/>
  <testcase name="tco2" time="0.019" classname="TestNg.CountAndPriorty"/>
  <testcase name="tco2" time="0.003" classname="TestNg.CountAndPriorty"/>
  <testcase name="tco2" time="0.006" classname="TestNg.CountAndPriorty"/>
  <testcase name="tco2" time="0.001" classname="TestNg.CountAndPriorty"/>
  <testcase name="tco4" time="0.002" classname="TestNg.CountAndPriorty"/>
  <testcase name="tco5" time="0.014" classname="TestNg.CountAndPriorty"/>
  <testcase name="tco3" classname="TestNg.CountAndPriorty">
    <skipped/>
  </testcase> <!-- tco3 -->
</testsuite> <!-- TestNg.CountAndPriorty -->
