<?xml version="1.0" encoding="UTF-8"?>
<!-- Generated by org.testng.reporters.JUnitReportReporter -->
<testsuite skipped="0" hostname="LAPTOP-7NBG868B" name="TestNg.AdactinHotelApp" tests="15" failures="0" timestamp="08 Aug 2022 14:27:09 GMT" time="35.362" errors="0">
  <testcase name="tc01" time="18.116" classname="TestNg.AdactinHotelApp"/>
  <testcase name="tc02" time="1.789" classname="TestNg.AdactinHotelApp"/>
  <testcase name="tc03" time="2.454" classname="TestNg.AdactinHotelApp"/>
  <testcase name="tc04" time="0.106" classname="TestNg.AdactinHotelApp"/>
  <testcase name="tc05" time="0.078" classname="TestNg.AdactinHotelApp"/>
  <testcase name="tc06" time="0.327" classname="TestNg.AdactinHotelApp"/>
  <testcase name="tc07" time="0.162" classname="TestNg.AdactinHotelApp"/>
  <testcase name="tc08" time="0.120" classname="TestNg.AdactinHotelApp"/>
  <testcase name="tc09" time="0.183" classname="TestNg.AdactinHotelApp"/>
  <testcase name="tc10" time="2.311" classname="TestNg.AdactinHotelApp"/>
  <testcase name="tc11" time="0.138" classname="TestNg.AdactinHotelApp"/>
  <testcase name="tc12" time="0.202" classname="TestNg.AdactinHotelApp"/>
  <testcase name="tc13" time="0.064" classname="TestNg.AdactinHotelApp"/>
  <testcase name="tc14" time="5.123" classname="TestNg.AdactinHotelApp"/>
  <testcase name="tc15" time="4.189" classname="TestNg.AdactinHotelApp"/>
</testsuite> <!-- TestNg.AdactinHotelApp -->
