<?xml version="1.0" encoding="UTF-8"?>
<!-- Generated by org.testng.reporters.JUnitReportReporter -->
<testsuite skipped="0" hostname="LAPTOP-7NBG868B" name="TestNg.TestParameter" tests="1" failures="0" timestamp="10 Aug 2022 12:00:46 GMT" time="0.000" errors="0">
  <testcase name="tco1" time="0.000" classname="TestNg.TestParameter"/>
</testsuite> <!-- TestNg.TestParameter -->
