<?xml version="1.0" encoding="UTF-8"?>
<!-- Generated by org.testng.reporters.JUnitReportReporter -->
<testsuite skipped="0" hostname="LAPTOP-7NBG868B" name="TestNg.Sample" tests="1" failures="0" timestamp="08 Aug 2022 11:32:45 GMT" time="0.000" errors="0">
  <testcase name="tco3" time="0.000" classname="TestNg.Sample"/>
</testsuite> <!-- TestNg.Sample -->
